<?xml version="1.0" encoding="UTF-8"?>
<testng-results skipped="0" failed="0" ignored="0" total="0" passed="0">
  <reporter-output>
  </reporter-output>
  <suite name="Fordham Automation Script " duration-ms="3" started-at="2019-03-13T23:20:04Z" finished-at="2019-03-13T23:20:04Z">
    <groups>
    </groups>
    <test name="Fordham Home" duration-ms="3" started-at="2019-03-13T23:20:04Z" finished-at="2019-03-13T23:20:04Z">
    </test> <!-- Fordham Home -->
  </suite> <!-- Fordham Automation Script  -->
</testng-results>
